AUTOCREATE
2013-11-13T16:35:40+01:00 : 2|admin|index|index|[]
2013-11-13T16:35:40+01:00 : 2|admin|misc|json-translations-admin|{"language":"en"}
2013-11-13T16:35:40+01:00 : 2|admin|misc|json-translations-system|{"language":"en"}
2013-11-13T16:35:40+01:00 : 2|admin|user|get-image|[]
2013-11-13T16:35:40+01:00 : 2|admin|user|get-current-user|[]
2013-11-13T16:35:40+01:00 : 2|admin|misc|available-languages|[]
2013-11-13T16:35:41+01:00 : 2|admin|misc|admin-css|[]
2013-11-13T16:36:16+01:00 : 2|admin|document|doc-types|{"xaction":"read"}
2013-11-13T16:36:16+01:00 : 2|admin|settings|get-available-sites|[]
2013-11-13T16:36:16+01:00 : 2|admin|class|get-tree|[]
2013-11-13T16:36:16+01:00 : 2|admin|settings|get-available-admin-languages|[]
2013-11-13T16:36:16+01:00 : 2|reports|targeting|persona-list|[]
2013-11-13T16:36:16+01:00 : 2|admin|portal|dashboard-list|[]
2013-11-13T16:36:34+01:00 : 2|admin|index|index|[]
2013-11-13T16:36:35+01:00 : 2|admin|user|get-image|[]
2013-11-13T16:36:35+01:00 : 2|admin|misc|json-translations-system|{"language":"en"}
2013-11-13T16:36:35+01:00 : 2|admin|misc|json-translations-admin|{"language":"en"}
2013-11-13T16:36:35+01:00 : 2|admin|misc|available-languages|[]
2013-11-13T16:36:35+01:00 : 2|admin|user|get-current-user|[]
2013-11-13T16:36:35+01:00 : 2|admin|misc|admin-css|[]
2013-11-13T16:36:36+01:00 : 2|admin|class|get-tree|[]
2013-11-13T16:36:36+01:00 : 2|admin|document|doc-types|{"xaction":"read"}
2013-11-13T16:36:36+01:00 : 2|admin|settings|get-available-admin-languages|[]
2013-11-13T16:36:36+01:00 : 2|admin|settings|get-available-sites|[]
2013-11-13T16:36:36+01:00 : 2|reports|targeting|persona-list|[]
2013-11-13T16:36:36+01:00 : 2|admin|portal|dashboard-list|[]
2013-11-13T16:36:38+01:00 : 2|admin|index|index|[]
2013-11-13T16:36:38+01:00 : 2|admin|user|get-image|[]
2013-11-13T16:36:38+01:00 : 2|admin|misc|admin-css|[]
2013-11-13T16:36:38+01:00 : 2|admin|misc|json-translations-system|{"language":"en"}
2013-11-13T16:36:38+01:00 : 2|admin|misc|json-translations-admin|{"language":"en"}
2013-11-13T16:36:38+01:00 : 2|admin|user|get-current-user|[]
2013-11-13T16:36:38+01:00 : 2|admin|misc|available-languages|[]
2013-11-13T16:36:39+01:00 : 2|admin|settings|get-available-sites|[]
2013-11-13T16:36:39+01:00 : 2|admin|document|doc-types|{"xaction":"read"}
2013-11-13T16:36:39+01:00 : 2|reports|targeting|persona-list|[]
2013-11-13T16:36:39+01:00 : 2|admin|settings|get-available-admin-languages|[]
2013-11-13T16:36:39+01:00 : 2|admin|class|get-tree|[]
2013-11-13T16:36:39+01:00 : 2|admin|portal|dashboard-list|[]
2013-11-13T16:36:41+01:00 : 2|admin|index|index|[]
2013-11-13T16:36:41+01:00 : 2|admin|misc|admin-css|[]
2013-11-13T16:36:41+01:00 : 2|admin|user|get-image|[]
2013-11-13T16:36:41+01:00 : 2|admin|misc|json-translations-admin|{"language":"en"}
2013-11-13T16:36:41+01:00 : 2|admin|misc|json-translations-system|{"language":"en"}
2013-11-13T16:36:41+01:00 : 2|admin|user|get-current-user|[]
2013-11-13T16:36:41+01:00 : 2|admin|misc|available-languages|[]
2013-11-13T16:36:42+01:00 : 2|admin|document|doc-types|{"xaction":"read"}
2013-11-13T16:36:42+01:00 : 2|reports|targeting|persona-list|[]
2013-11-13T16:36:42+01:00 : 2|admin|class|get-tree|[]
2013-11-13T16:36:42+01:00 : 2|admin|settings|get-available-admin-languages|[]
2013-11-13T16:36:42+01:00 : 2|admin|settings|get-available-sites|[]
2013-11-13T16:36:42+01:00 : 2|admin|portal|dashboard-list|[]
2013-11-13T16:36:43+01:00 : 2|admin|index|index|[]
2013-11-13T16:36:44+01:00 : 2|admin|user|get-image|[]
2013-11-13T16:36:44+01:00 : 2|admin|misc|admin-css|[]
2013-11-13T16:36:44+01:00 : 2|admin|misc|json-translations-admin|{"language":"en"}
2013-11-13T16:36:44+01:00 : 2|admin|misc|available-languages|[]
2013-11-13T16:36:44+01:00 : 2|admin|user|get-current-user|[]
2013-11-13T16:36:44+01:00 : 2|admin|misc|json-translations-system|{"language":"en"}
2013-11-13T16:36:45+01:00 : 2|admin|document|doc-types|{"xaction":"read"}
2013-11-13T16:36:45+01:00 : 2|admin|settings|get-available-admin-languages|[]
2013-11-13T16:36:45+01:00 : 2|admin|settings|get-available-sites|[]
2013-11-13T16:36:45+01:00 : 2|admin|class|get-tree|[]
2013-11-13T16:36:45+01:00 : 2|reports|targeting|persona-list|[]
2013-11-13T16:36:45+01:00 : 2|admin|portal|dashboard-list|[]
2013-11-13T16:36:46+01:00 : 2|admin|index|index|[]
2013-11-13T16:36:46+01:00 : 2|admin|user|get-image|[]
2013-11-13T16:36:46+01:00 : 2|admin|misc|admin-css|[]
2013-11-13T16:36:46+01:00 : 2|admin|misc|json-translations-system|{"language":"en"}
2013-11-13T16:36:46+01:00 : 2|admin|misc|available-languages|[]
2013-11-13T16:36:46+01:00 : 2|admin|user|get-current-user|[]
2013-11-13T16:36:46+01:00 : 2|admin|misc|json-translations-admin|{"language":"en"}
2013-11-13T16:36:48+01:00 : 2|admin|settings|get-available-sites|[]
2013-11-13T16:36:48+01:00 : 2|admin|class|get-tree|[]
2013-11-13T16:36:48+01:00 : 2|reports|targeting|persona-list|[]
2013-11-13T16:36:48+01:00 : 2|admin|document|doc-types|{"xaction":"read"}
2013-11-13T16:36:48+01:00 : 2|admin|settings|get-available-admin-languages|[]
2013-11-13T16:36:48+01:00 : 2|admin|portal|dashboard-list|[]
2013-11-13T16:36:48+01:00 : 2|admin|index|index|[]
2013-11-13T16:36:48+01:00 : 2|admin|misc|admin-css|[]
2013-11-13T16:36:48+01:00 : 2|admin|user|get-image|[]
2013-11-13T16:36:48+01:00 : 2|admin|misc|json-translations-admin|{"language":"en"}
2013-11-13T16:36:49+01:00 : 2|admin|misc|json-translations-system|{"language":"en"}
2013-11-13T16:36:49+01:00 : 2|admin|user|get-current-user|[]
2013-11-13T16:36:49+01:00 : 2|admin|misc|available-languages|[]
2013-11-13T16:36:50+01:00 : 2|reports|targeting|persona-list|[]
2013-11-13T16:36:50+01:00 : 2|admin|settings|get-available-admin-languages|[]
2013-11-13T16:36:50+01:00 : 2|admin|settings|get-available-sites|[]
2013-11-13T16:36:50+01:00 : 2|admin|class|get-tree|[]
2013-11-13T16:36:50+01:00 : 2|admin|document|doc-types|{"xaction":"read"}
2013-11-13T16:36:50+01:00 : 2|admin|portal|dashboard-list|[]
2013-11-13T16:37:29+01:00 : 2|admin|index|index|[]
2013-11-13T16:37:29+01:00 : 2|admin|user|get-image|[]
2013-11-13T16:37:29+01:00 : 2|admin|user|get-current-user|[]
2013-11-13T16:37:29+01:00 : 2|admin|misc|json-translations-system|{"language":"en"}
2013-11-13T16:37:29+01:00 : 2|admin|misc|json-translations-admin|{"language":"en"}
2013-11-13T16:37:29+01:00 : 2|admin|misc|available-languages|[]
2013-11-13T16:37:29+01:00 : 2|admin|misc|admin-css|[]
2013-11-13T16:37:31+01:00 : 2|admin|settings|get-available-sites|[]
2013-11-13T16:37:31+01:00 : 2|admin|class|get-tree|[]
2013-11-13T16:37:31+01:00 : 2|admin|settings|get-available-admin-languages|[]
2013-11-13T16:37:31+01:00 : 2|admin|document|doc-types|{"xaction":"read"}
2013-11-13T16:37:31+01:00 : 2|admin|portal|dashboard-list|[]
2013-11-13T16:37:31+01:00 : 2|reports|targeting|persona-list|[]
2013-11-13T16:37:32+01:00 : 2|admin|index|index|[]
2013-11-13T16:37:32+01:00 : 2|admin|user|get-image|[]
2013-11-13T16:37:32+01:00 : 2|admin|misc|admin-css|[]
2013-11-13T16:37:32+01:00 : 2|admin|misc|json-translations-system|{"language":"en"}
2013-11-13T16:37:32+01:00 : 2|admin|misc|json-translations-admin|{"language":"en"}
2013-11-13T16:37:32+01:00 : 2|admin|misc|available-languages|[]
2013-11-13T16:37:32+01:00 : 2|admin|user|get-current-user|[]
2013-11-13T16:37:34+01:00 : 2|admin|document|doc-types|{"xaction":"read"}
2013-11-13T16:37:34+01:00 : 2|admin|settings|get-available-sites|[]
2013-11-13T16:37:34+01:00 : 2|admin|class|get-tree|[]
2013-11-13T16:37:34+01:00 : 2|admin|settings|get-available-admin-languages|[]
2013-11-13T16:37:34+01:00 : 2|reports|targeting|persona-list|[]
2013-11-13T16:37:34+01:00 : 2|admin|portal|dashboard-list|[]
2013-11-13T16:37:34+01:00 : 2|admin|index|index|[]
2013-11-13T16:37:35+01:00 : 2|admin|misc|admin-css|[]
2013-11-13T16:37:35+01:00 : 2|admin|user|get-image|[]
2013-11-13T16:37:35+01:00 : 2|admin|misc|json-translations-system|{"language":"en"}
2013-11-13T16:37:35+01:00 : 2|admin|misc|json-translations-admin|{"language":"en"}
2013-11-13T16:37:35+01:00 : 2|admin|misc|available-languages|[]
2013-11-13T16:37:35+01:00 : 2|admin|user|get-current-user|[]
2013-11-13T16:37:36+01:00 : 2|admin|class|get-tree|[]
2013-11-13T16:37:36+01:00 : 2|admin|settings|get-available-admin-languages|[]
2013-11-13T16:37:36+01:00 : 2|admin|document|doc-types|{"xaction":"read"}
2013-11-13T16:37:36+01:00 : 2|admin|settings|get-available-sites|[]
2013-11-13T16:37:36+01:00 : 2|reports|targeting|persona-list|[]
2013-11-13T16:37:36+01:00 : 2|admin|portal|dashboard-list|[]
2013-11-13T16:37:37+01:00 : 2|admin|index|index|[]
2013-11-13T16:37:37+01:00 : 2|admin|user|get-image|[]
2013-11-13T16:37:37+01:00 : 2|admin|misc|admin-css|[]
2013-11-13T16:37:37+01:00 : 2|admin|misc|available-languages|[]
2013-11-13T16:37:37+01:00 : 2|admin|user|get-current-user|[]
2013-11-13T16:37:37+01:00 : 2|admin|misc|json-translations-admin|{"language":"en"}
2013-11-13T16:37:37+01:00 : 2|admin|misc|json-translations-system|{"language":"en"}
2013-11-13T16:37:38+01:00 : 2|admin|document|doc-types|{"xaction":"read"}
2013-11-13T16:37:38+01:00 : 2|admin|settings|get-available-sites|[]
2013-11-13T16:37:38+01:00 : 2|admin|settings|get-available-admin-languages|[]
2013-11-13T16:37:38+01:00 : 2|admin|class|get-tree|[]
2013-11-13T16:37:38+01:00 : 2|reports|targeting|persona-list|[]
2013-11-13T16:37:39+01:00 : 2|admin|portal|dashboard-list|[]
2013-11-13T16:38:38+01:00 : 2|admin|misc|ping|[]
2013-11-13T16:38:38+01:00 : 2|admin|login|index|{"session_expired":"true"}
2013-11-13T16:38:38+01:00 : 2|admin|index|index|[]
2013-11-13T16:38:38+01:00 : 2|admin|misc|json-translations-system|{"language":"en"}
2013-11-13T16:38:38+01:00 : 2|admin|user|get-current-user|[]
2013-11-13T16:38:38+01:00 : 2|admin|user|get-image|[]
2013-11-13T16:38:39+01:00 : 2|admin|misc|json-translations-admin|{"language":"en"}
2013-11-13T16:38:39+01:00 : 2|admin|misc|available-languages|[]
2013-11-13T16:38:39+01:00 : 2|admin|misc|admin-css|[]
2013-11-13T16:38:40+01:00 : 2|admin|document|doc-types|{"xaction":"read"}
2013-11-13T16:38:40+01:00 : 2|admin|class|get-tree|[]
2013-11-13T16:38:40+01:00 : 2|admin|settings|get-available-admin-languages|[]
2013-11-13T16:38:40+01:00 : 2|reports|targeting|persona-list|[]
2013-11-13T16:38:40+01:00 : 2|admin|settings|get-available-sites|[]
2013-11-13T16:38:40+01:00 : 2|admin|portal|dashboard-list|[]
2013-11-13T16:39:34+01:00 : 2|admin|login|login|{"username":"pimcore","submit":"Login"}
2013-11-13T16:39:34+01:00 : 2|admin|index|index|[]
2013-11-13T16:39:34+01:00 : 2|admin|misc|json-translations-system|{"language":"en"}
2013-11-13T16:39:34+01:00 : 2|admin|user|get-current-user|[]
2013-11-13T16:39:34+01:00 : 2|admin|misc|json-translations-admin|{"language":"en"}
2013-11-13T16:39:34+01:00 : 2|admin|misc|available-languages|[]
2013-11-13T16:39:34+01:00 : 2|admin|user|get-image|[]
2013-11-13T16:39:34+01:00 : 2|admin|misc|admin-css|[]
2013-11-13T16:39:36+01:00 : 2|admin|document|doc-types|{"xaction":"read"}
2013-11-13T16:39:36+01:00 : 2|admin|settings|get-available-admin-languages|[]
2013-11-13T16:39:36+01:00 : 2|admin|class|get-tree|[]
2013-11-13T16:39:36+01:00 : 2|admin|settings|get-available-sites|[]
2013-11-13T16:39:36+01:00 : 2|admin|portal|dashboard-list|[]
2013-11-13T16:39:36+01:00 : 2|reports|targeting|persona-list|[]
2013-11-13T16:39:40+01:00 : 2|admin|misc|ping|[]
2013-11-13T16:39:40+01:00 : 2|admin|login|index|{"session_expired":"true"}
2013-11-13T16:39:40+01:00 : 2|admin|index|index|[]
2013-11-13T16:39:40+01:00 : 2|admin|misc|available-languages|[]
2013-11-13T16:39:40+01:00 : 2|admin|misc|json-translations-system|{"language":"en"}
2013-11-13T16:39:40+01:00 : 2|admin|misc|json-translations-admin|{"language":"en"}
2013-11-13T16:39:40+01:00 : 2|admin|user|get-image|[]
2013-11-13T16:39:40+01:00 : 2|admin|user|get-current-user|[]
2013-11-13T16:39:40+01:00 : 2|admin|misc|admin-css|[]
2013-11-13T16:39:42+01:00 : 2|admin|index|index|[]
2013-11-13T16:39:42+01:00 : 2|admin|settings|get-available-admin-languages|[]
2013-11-13T16:39:42+01:00 : 2|admin|user|get-image|[]
2013-11-13T16:39:42+01:00 : 2|admin|document|doc-types|{"xaction":"read"}
2013-11-13T16:39:42+01:00 : 2|admin|misc|admin-css|[]
2013-11-13T16:39:42+01:00 : 2|admin|class|get-tree|[]
2013-11-13T16:39:42+01:00 : 2|admin|settings|get-available-sites|[]
2013-11-13T16:39:42+01:00 : 2|reports|targeting|persona-list|[]
2013-11-13T16:39:42+01:00 : 2|admin|misc|json-translations-system|{"language":"en"}
2013-11-13T16:39:42+01:00 : 2|admin|misc|json-translations-admin|{"language":"en"}
2013-11-13T16:39:42+01:00 : 2|admin|user|get-current-user|[]
2013-11-13T16:39:42+01:00 : 2|admin|misc|available-languages|[]
2013-11-13T16:39:42+01:00 : 2|admin|portal|dashboard-list|[]
2013-11-13T16:39:43+01:00 : 2|admin|document|doc-types|{"xaction":"read"}
2013-11-13T16:39:43+01:00 : 2|admin|settings|get-available-admin-languages|[]
2013-11-13T16:39:43+01:00 : 2|reports|targeting|persona-list|[]
2013-11-13T16:39:43+01:00 : 2|admin|settings|get-available-sites|[]
2013-11-13T16:39:43+01:00 : 2|admin|class|get-tree|[]
2013-11-13T16:39:43+01:00 : 2|admin|portal|dashboard-list|[]
2013-11-13T16:40:42+01:00 : 2|admin|misc|ping|[]
2013-11-13T16:40:42+01:00 : 2|admin|login|index|{"session_expired":"true"}
2013-11-13T16:40:42+01:00 : 2|admin|index|index|[]
2013-11-13T16:40:42+01:00 : 2|admin|user|get-current-user|[]
2013-11-13T16:40:42+01:00 : 2|admin|user|get-image|[]
2013-11-13T16:40:42+01:00 : 2|admin|misc|json-translations-system|{"language":"en"}
2013-11-13T16:40:42+01:00 : 2|admin|misc|json-translations-admin|{"language":"en"}
2013-11-13T16:40:42+01:00 : 2|admin|misc|available-languages|[]
2013-11-13T16:40:42+01:00 : 2|admin|misc|admin-css|[]
2013-11-13T16:40:43+01:00 : 2|admin|misc|ping|[]
2013-11-13T16:40:43+01:00 : 2|admin|login|index|{"session_expired":"true"}
2013-11-13T16:40:43+01:00 : 2|admin|index|index|[]
2013-11-13T16:40:43+01:00 : 2|admin|misc|json-translations-system|{"language":"en"}
2013-11-13T16:40:43+01:00 : 2|admin|user|get-current-user|[]
2013-11-13T16:40:43+01:00 : 2|admin|misc|json-translations-admin|{"language":"en"}
2013-11-13T16:40:43+01:00 : 2|admin|misc|admin-css|[]
2013-11-13T16:40:44+01:00 : 2|admin|misc|available-languages|[]
2013-11-13T16:40:44+01:00 : 2|admin|user|get-image|[]
2013-11-13T16:40:45+01:00 : 2|admin|settings|get-available-admin-languages|[]
2013-11-13T16:40:45+01:00 : 2|admin|class|get-tree|[]
2013-11-13T16:40:45+01:00 : 2|reports|targeting|persona-list|[]
2013-11-13T16:40:45+01:00 : 2|admin|settings|get-available-sites|[]
2013-11-13T16:40:45+01:00 : 2|admin|document|doc-types|{"xaction":"read"}
2013-11-13T16:40:45+01:00 : 2|admin|document|doc-types|{"xaction":"read"}
2013-11-13T16:40:45+01:00 : 2|admin|portal|dashboard-list|[]
2013-11-13T16:40:45+01:00 : 2|admin|settings|get-available-admin-languages|[]
2013-11-13T16:40:45+01:00 : 2|admin|class|get-tree|[]
2013-11-13T16:40:45+01:00 : 2|admin|settings|get-available-sites|[]
2013-11-13T16:40:45+01:00 : 2|reports|targeting|persona-list|[]
2013-11-13T16:40:45+01:00 : 2|admin|portal|dashboard-list|[]
2013-11-13T16:41:31+01:00 : 2|admin|index|index|[]
2013-11-13T16:41:31+01:00 : 2|admin|user|get-image|[]
2013-11-13T16:41:31+01:00 : 2|admin|misc|json-translations-admin|{"language":"en"}
2013-11-13T16:41:32+01:00 : 2|admin|user|get-current-user|[]
2013-11-13T16:41:32+01:00 : 2|admin|misc|json-translations-system|{"language":"en"}
2013-11-13T16:41:32+01:00 : 2|admin|misc|available-languages|[]
2013-11-13T16:41:32+01:00 : 2|admin|misc|admin-css|[]
2013-11-13T16:41:33+01:00 : 2|reports|targeting|persona-list|[]
2013-11-13T16:41:33+01:00 : 2|admin|document|doc-types|{"xaction":"read"}
2013-11-13T16:41:33+01:00 : 2|admin|settings|get-available-sites|[]
2013-11-13T16:41:33+01:00 : 2|admin|class|get-tree|[]
2013-11-13T16:41:33+01:00 : 2|admin|settings|get-available-admin-languages|[]
2013-11-13T16:41:33+01:00 : 2|admin|document|tree-get-root|{"id":"1"}
2013-11-13T16:41:33+01:00 : 2|admin|asset|tree-get-root|{"id":"1"}
2013-11-13T16:41:33+01:00 : 2|admin|portal|get-configuration|{"key":"welcome"}
2013-11-13T16:41:33+01:00 : 2|admin|object|tree-get-root|{"id":"1"}
2013-11-13T16:41:33+01:00 : 2|admin|portal|dashboard-list|[]
2013-11-13T16:41:33+01:00 : 2|admin|portal|portlet-modification-statistics|[]
2013-11-13T16:41:34+01:00 : 2|admin|portal|portlet-modified-assets|[]
2013-11-13T16:41:34+01:00 : 2|admin|portal|portlet-modified-objects|[]
2013-11-13T16:41:34+01:00 : 2|admin|portal|portlet-modified-documents|[]
2013-11-13T16:41:34+01:00 : 2|admin|document|tree-get-childs-by-id|{"limit":"50","start":"0","node":"1"}
2013-11-13T16:41:34+01:00 : 2|admin|asset|tree-get-childs-by-id|{"limit":"50","start":"0","node":"1"}
2013-11-13T16:41:34+01:00 : 2|admin|object|tree-get-childs-by-id|{"limit":"30","start":"0","node":"1"}
2013-11-13T16:41:34+01:00 : 2|reports|custom-report|get-report-config|[]
2013-11-13T16:41:40+01:00 : 2|admin|object|get-folder|{"id":"1"}
2013-11-13T16:41:43+01:00 : 2|admin|asset|get-data-by-id|{"id":"1","type":"folder"}
2013-11-13T16:41:43+01:00 : 2|admin|asset|get-folder-content-preview|{"id":"1"}
2013-11-13T16:41:45+01:00 : 2|admin|misc|ping|[]
2013-11-13T16:41:48+01:00 : 2|admin|settings|get-system|[]
2013-11-13T16:42:33+01:00 : 2|admin|misc|ping|[]
2013-11-13T16:42:45+01:00 : 2|admin|misc|ping|[]
2013-11-13T16:43:03+01:00 : 2|admin|settings|set-system|{"data":"{\"general.timezone\":\"Europe\\\/Amsterdam\",..."}
2013-11-13T16:43:05+01:00 : 2|admin|index|index|[]
2013-11-13T16:43:06+01:00 : 2|admin|misc|json-translations-system|{"language":"en"}
2013-11-13T16:43:06+01:00 : 2|admin|user|get-current-user|[]
2013-11-13T16:43:06+01:00 : 2|admin|misc|json-translations-admin|{"language":"en"}
2013-11-13T16:43:06+01:00 : 2|admin|user|get-image|[]
2013-11-13T16:43:06+01:00 : 2|admin|misc|available-languages|[]
2013-11-13T16:43:06+01:00 : 2|admin|misc|admin-css|[]
2013-11-13T16:43:07+01:00 : 2|admin|document|doc-types|{"xaction":"read"}
2013-11-13T16:43:07+01:00 : 2|admin|settings|get-available-admin-languages|[]
2013-11-13T16:43:07+01:00 : 2|admin|class|get-tree|[]
2013-11-13T16:43:07+01:00 : 2|admin|settings|get-available-sites|[]
2013-11-13T16:43:07+01:00 : 2|reports|targeting|persona-list|[]
2013-11-13T16:43:07+01:00 : 2|admin|document|tree-get-root|{"id":"1"}
2013-11-13T16:43:07+01:00 : 2|admin|asset|tree-get-root|{"id":"1"}
2013-11-13T16:43:07+01:00 : 2|admin|object|tree-get-root|{"id":"1"}
2013-11-13T16:43:07+01:00 : 2|admin|portal|dashboard-list|[]
2013-11-13T16:43:07+01:00 : 2|admin|portal|get-configuration|{"key":"welcome"}
2013-11-13T16:43:07+01:00 : 2|admin|document|tree-get-childs-by-id|{"limit":"50","start":"0","node":"1"}
2013-11-13T16:43:07+01:00 : 2|admin|portal|portlet-modification-statistics|[]
2013-11-13T16:43:07+01:00 : 2|admin|asset|tree-get-childs-by-id|{"limit":"50","start":"0","node":"1"}
2013-11-13T16:43:07+01:00 : 2|admin|object|tree-get-childs-by-id|{"limit":"30","start":"0","node":"1"}
2013-11-13T16:43:07+01:00 : 2|reports|custom-report|get-report-config|[]
2013-11-13T16:43:08+01:00 : 2|admin|portal|portlet-modified-assets|[]
2013-11-13T16:43:08+01:00 : 2|admin|portal|portlet-modified-documents|[]
2013-11-13T16:43:08+01:00 : 2|admin|portal|portlet-modified-objects|[]
2013-11-13T16:43:08+01:00 : 2|admin|object|get-folder|{"id":"1"}
2013-11-13T16:43:08+01:00 : 2|admin|asset|get-data-by-id|{"id":"1","type":"folder"}
2013-11-13T16:43:09+01:00 : 2|admin|asset|get-folder-content-preview|{"id":"1"}
2013-11-13T16:43:12+01:00 : 2|admin|element|unlock-element|{"id":"1","type":"asset"}
2013-11-13T16:43:13+01:00 : 2|admin|element|unlock-element|{"id":"1","type":"object"}
2013-11-13T16:43:37+01:00 : 2|admin|settings|get-system|[]
2013-11-13T16:43:45+01:00 : 2|admin|misc|ping|[]
2013-11-13T16:43:57+01:00 : 2|admin|settings|set-system|{"data":"{\"general.timezone\":\"Europe\\\/Amsterdam\",..."}
2013-11-13T16:44:01+01:00 : 2|admin|index|index|[]
2013-11-13T16:44:01+01:00 : 2|admin|misc|available-languages|[]
2013-11-13T16:44:01+01:00 : 2|admin|misc|json-translations-admin|{"language":"en"}
2013-11-13T16:44:01+01:00 : 2|admin|user|get-image|[]
2013-11-13T16:44:01+01:00 : 2|admin|misc|json-translations-system|{"language":"en"}
2013-11-13T16:44:01+01:00 : 2|admin|user|get-current-user|[]
2013-11-13T16:44:01+01:00 : 2|admin|misc|admin-css|[]
2013-11-13T16:44:03+01:00 : 2|admin|document|doc-types|{"xaction":"read"}
2013-11-13T16:44:03+01:00 : 2|admin|class|get-tree|[]
2013-11-13T16:44:03+01:00 : 2|admin|settings|get-available-sites|[]
2013-11-13T16:44:03+01:00 : 2|admin|settings|get-available-admin-languages|[]
2013-11-13T16:44:03+01:00 : 2|reports|targeting|persona-list|[]
2013-11-13T16:44:03+01:00 : 2|admin|object|tree-get-root|{"id":"1"}
2013-11-13T16:44:03+01:00 : 2|admin|asset|tree-get-root|{"id":"1"}
2013-11-13T16:44:03+01:00 : 2|admin|document|tree-get-root|{"id":"1"}
2013-11-13T16:44:03+01:00 : 2|admin|portal|dashboard-list|[]
2013-11-13T16:44:03+01:00 : 2|admin|portal|get-configuration|{"key":"welcome"}
2013-11-13T16:44:03+01:00 : 2|admin|asset|tree-get-childs-by-id|{"limit":"50","start":"0","node":"1"}
2013-11-13T16:44:03+01:00 : 2|admin|object|tree-get-childs-by-id|{"limit":"30","start":"0","node":"1"}
2013-11-13T16:44:03+01:00 : 2|admin|document|tree-get-childs-by-id|{"limit":"50","start":"0","node":"1"}
2013-11-13T16:44:03+01:00 : 2|admin|portal|portlet-modification-statistics|[]
2013-11-13T16:44:03+01:00 : 2|reports|custom-report|get-report-config|[]
2013-11-13T16:44:03+01:00 : 2|admin|portal|portlet-modified-documents|[]
2013-11-13T16:44:03+01:00 : 2|admin|portal|portlet-modified-assets|[]
2013-11-13T16:44:03+01:00 : 2|admin|portal|portlet-modified-objects|[]
2013-11-13T16:44:45+01:00 : 2|admin|misc|ping|[]
2013-11-13T16:45:02+01:00 : 2|admin|misc|ping|[]
2013-11-13T16:45:23+01:00 : 2|admin|index|index|[]
2013-11-13T16:45:23+01:00 : 2|admin|misc|json-translations-admin|{"language":"en"}
2013-11-13T16:45:23+01:00 : 2|admin|user|get-image|[]
2013-11-13T16:45:23+01:00 : 2|admin|misc|json-translations-system|{"language":"en"}
2013-11-13T16:45:23+01:00 : 2|admin|misc|admin-css|[]
2013-11-13T16:45:23+01:00 : 2|admin|user|get-current-user|[]
2013-11-13T16:45:23+01:00 : 2|admin|misc|available-languages|[]
2013-11-13T16:45:25+01:00 : 2|admin|class|get-tree|[]
2013-11-13T16:45:25+01:00 : 2|admin|settings|get-available-sites|[]
2013-11-13T16:45:25+01:00 : 2|admin|document|doc-types|{"xaction":"read"}
2013-11-13T16:45:25+01:00 : 2|admin|settings|get-available-admin-languages|[]
2013-11-13T16:45:25+01:00 : 2|reports|targeting|persona-list|[]
2013-11-13T16:45:25+01:00 : 2|admin|object|tree-get-root|{"id":"1"}
2013-11-13T16:45:25+01:00 : 2|admin|asset|tree-get-root|{"id":"1"}
2013-11-13T16:45:25+01:00 : 2|admin|document|tree-get-root|{"id":"1"}
2013-11-13T16:45:25+01:00 : 2|admin|portal|dashboard-list|[]
2013-11-13T16:45:25+01:00 : 2|admin|portal|get-configuration|{"key":"welcome"}
2013-11-13T16:45:25+01:00 : 2|admin|asset|tree-get-childs-by-id|{"limit":"50","start":"0","node":"1"}
2013-11-13T16:45:25+01:00 : 2|admin|portal|portlet-modification-statistics|[]
2013-11-13T16:45:25+01:00 : 2|reports|custom-report|get-report-config|[]
2013-11-13T16:45:25+01:00 : 2|admin|document|tree-get-childs-by-id|{"limit":"50","start":"0","node":"1"}
2013-11-13T16:45:25+01:00 : 2|admin|object|tree-get-childs-by-id|{"limit":"30","start":"0","node":"1"}
2013-11-13T16:45:25+01:00 : 2|admin|portal|portlet-modified-assets|[]
2013-11-13T16:45:25+01:00 : 2|admin|portal|portlet-modified-objects|[]
2013-11-13T16:45:25+01:00 : 2|admin|portal|portlet-modified-documents|[]
2013-11-13T16:45:29+01:00 : 2|admin|object|get-folder|{"id":"1"}
2013-11-13T16:45:45+01:00 : 2|admin|misc|ping|[]
2013-11-13T16:46:25+01:00 : 2|admin|misc|ping|[]
2013-11-13T16:46:45+01:00 : 2|admin|misc|ping|[]
2013-11-13T16:47:25+01:00 : 2|admin|misc|ping|[]
2013-11-13T16:47:39+01:00 : 0|admin|login|index|[]
2013-11-13T16:47:45+01:00 : 0|admin|login|index|[]
2013-11-13T16:47:45+01:00 : 0|admin|login|index|{"session_expired":"true"}
2013-11-13T16:47:46+01:00 : 0|admin|login|login|{"username":"pimcore","submit":"Login"}
2013-11-13T16:47:46+01:00 : 0|admin|login|index|{"auth_failed":"true","inactive":"null"}
2013-11-13T16:47:53+01:00 : 0|admin|login|login|{"username":"pimcore","submit":"Login"}
2013-11-13T16:47:54+01:00 : 0|admin|login|index|{"auth_failed":"true","inactive":"null"}
2013-11-13T16:48:16+01:00 : 0|admin|login|login|{"username":"pimcore","submit":"Login"}
2013-11-13T16:48:16+01:00 : 0|admin|login|index|{"auth_failed":"true","inactive":"null"}
2013-11-13T16:49:22+01:00 : 2|admin|login|login|{"username":"pimcore","submit":"Login"}
2013-11-13T16:49:22+01:00 : 2|admin|login|index|{"auth_failed":"true","inactive":"null"}
2013-11-13T16:49:22+01:00 : 2|admin|index|index|[]
2013-11-13T16:49:23+01:00 : 2|admin|misc|json-translations-system|{"language":"en"}
2013-11-13T16:49:23+01:00 : 2|admin|user|get-current-user|[]
2013-11-13T16:49:23+01:00 : 2|admin|misc|available-languages|[]
2013-11-13T16:49:23+01:00 : 2|admin|misc|json-translations-admin|{"language":"en"}
2013-11-13T16:49:23+01:00 : 2|admin|user|get-image|[]
2013-11-13T16:49:23+01:00 : 2|admin|misc|admin-css|[]
2013-11-13T16:50:01+01:00 : 2|admin|document|doc-types|{"xaction":"read"}
2013-11-13T16:50:01+01:00 : 2|admin|settings|get-available-admin-languages|[]
2013-11-13T16:50:01+01:00 : 2|admin|class|get-tree|[]
2013-11-13T16:50:01+01:00 : 2|admin|document|tree-get-root|{"id":"1"}
2013-11-13T16:50:01+01:00 : 2|reports|targeting|persona-list|[]
2013-11-13T16:50:01+01:00 : 2|admin|settings|get-available-sites|[]
2013-11-13T16:50:01+01:00 : 2|admin|asset|tree-get-root|{"id":"1"}
2013-11-13T16:50:02+01:00 : 2|admin|object|tree-get-root|{"id":"1"}
2013-11-13T16:50:02+01:00 : 2|admin|portal|dashboard-list|[]
2013-11-13T16:50:02+01:00 : 2|admin|portal|get-configuration|{"key":"welcome"}
2013-11-13T16:50:02+01:00 : 2|admin|document|tree-get-childs-by-id|{"limit":"50","start":"0","node":"1"}
2013-11-13T16:50:02+01:00 : 2|reports|custom-report|get-report-config|[]
2013-11-13T16:50:02+01:00 : 2|admin|asset|tree-get-childs-by-id|{"limit":"50","start":"0","node":"1"}
2013-11-13T16:50:02+01:00 : 2|admin|object|tree-get-childs-by-id|{"limit":"30","start":"0","node":"1"}
2013-11-13T16:50:02+01:00 : 2|admin|portal|portlet-modification-statistics|[]
2013-11-13T16:50:02+01:00 : 2|admin|portal|portlet-modified-assets|[]
2013-11-13T16:50:02+01:00 : 2|admin|portal|portlet-modified-objects|[]
2013-11-13T16:50:02+01:00 : 2|admin|portal|portlet-modified-documents|[]
2013-11-13T16:50:02+01:00 : 2|admin|document|tree-get-childs-by-id|{"limit":"50","start":"0","node":"39"}
2013-11-13T16:50:17+01:00 : 2|admin|object|tree-get-childs-by-id|{"limit":"30","start":"0","node":"2"}
2013-11-13T16:50:17+01:00 : 2|admin|object|tree-get-childs-by-id|{"limit":"30","start":"0","node":"4"}
2013-11-13T16:50:17+01:00 : 2|admin|object|tree-get-childs-by-id|{"limit":"30","start":"0","node":"7"}
2013-11-13T16:50:17+01:00 : 2|admin|object|tree-get-childs-by-id|{"limit":"30","start":"0","node":"9"}
2013-11-13T16:50:17+01:00 : 2|admin|object|tree-get-childs-by-id|{"limit":"30","start":"0","node":"6"}
2013-11-13T16:50:17+01:00 : 2|admin|object|tree-get-childs-by-id|{"limit":"30","start":"0","node":"3"}
2013-11-13T16:50:17+01:00 : 2|admin|object|tree-get-childs-by-id|{"limit":"30","start":"0","node":"8"}
2013-11-13T16:50:17+01:00 : 2|admin|object|tree-get-childs-by-id|{"limit":"30","start":"0","node":"5"}
2013-11-13T16:50:21+01:00 : 2|admin|object|tree-get-childs-by-id|{"limit":"30","start":"0","node":"11"}
2013-11-13T16:50:21+01:00 : 2|admin|object|tree-get-childs-by-id|{"limit":"30","start":"0","node":"31"}
2013-11-13T16:50:21+01:00 : 2|admin|object|tree-get-childs-by-id|{"limit":"30","start":"0","node":"29"}
2013-11-13T16:50:23+01:00 : 2|admin|object|tree-get-childs-by-id|{"limit":"30","start":"0","node":"10"}
2013-11-13T16:50:23+01:00 : 2|admin|object|tree-get-childs-by-id|{"limit":"30","start":"0","node":"30"}
2013-11-13T16:50:23+01:00 : 2|admin|object|tree-get-childs-by-id|{"limit":"30","start":"0","node":"28"}
2013-11-13T16:50:31+01:00 : 2|admin|translation|add-admin-translation-keys|{"keys":"[\"inquiry\",\"news\",\"person\"]"}
2013-11-13T16:51:01+01:00 : 2|admin|misc|ping|[]
